<?xml version="1.0" encoding="UTF-8"?>
<!-- Generated by org.testng.reporters.JUnitXMLReporter -->
<testsuite ignored="1" hostname="DESKTOP-VS054RB" failures="0" tests="1" name="ErrorValidation" time="33.587" errors="0" timestamp="2025-09-10T10:57:53 IST">
  <testcase classname="rahulshettyacademy.tests.ErrorValidationsTest" name="submitOrder" time="2.886"/>
  <testcase classname="rahulshettyacademy.tests.ErrorValidationsTest" name="ProductErrorValidation" time="0.0">
    <ignored/>
  </testcase> <!-- ProductErrorValidation -->
</testsuite> <!-- ErrorValidation -->
