<?xml version="1.0" encoding="UTF-8"?>
<!-- Generated by org.testng.reporters.JUnitXMLReporter -->
<testsuite ignored="2" hostname="DESKTOP-VS054RB" failures="0" tests="0" time="0.021" errors="0" timestamp="2025-09-10T10:57:19 IST">
  <testcase classname="rahulshettyacademy.tests.StandaloneClientTest" name="submitOrder" time="0.0">
    <ignored/>
  </testcase> <!-- submitOrder -->
  <testcase classname="rahulshettyacademy.tests.StandaloneClientTest" name="orderHistory" time="0.0">
    <ignored/>
  </testcase> <!-- orderHistory -->
</testsuite>
