<?xml version="1.0" encoding="UTF-8"?>
<testng-results ignored="3" total="4" passed="1" failed="0" skipped="0">
  <reporter-output>
  </reporter-output>
  <suite started-at="2025-09-10T10:57:19 IST" name="Suite" finished-at="2025-09-10T10:57:53 IST" duration-ms="33587">
    <groups>
      <group name="ErrorHandling">
        <method signature="ErrorValidationsTest.submitOrder()[pri:0, instance:rahulshettyacademy.tests.ErrorValidationsTest@865dd6]" name="submitOrder" class="rahulshettyacademy.tests.ErrorValidationsTest"/>
      </group> <!-- ErrorHandling -->
    </groups>
    <test started-at="2025-09-10T10:57:19 IST" name="StandaloneTest" finished-at="2025-09-10T10:57:19 IST" duration-ms="21">
    </test> <!-- StandaloneTest -->
    <test started-at="2025-09-10T10:57:19 IST" name="ErrorValidation" finished-at="2025-09-10T10:57:53 IST" duration-ms="33587">
      <class name="rahulshettyacademy.tests.ErrorValidationsTest">
        <test-method is-config="true" signature="launchApp()[pri:0, instance:rahulshettyacademy.tests.ErrorValidationsTest@865dd6]" started-at="2025-09-10T10:57:19 IST" name="launchApp" finished-at="2025-09-10T10:57:49 IST" duration-ms="29684" status="PASS">
          <reporter-output>
          </reporter-output>
        </test-method> <!-- launchApp -->
        <test-method signature="submitOrder()[pri:0, instance:rahulshettyacademy.tests.ErrorValidationsTest@865dd6]" started-at="2025-09-10T10:57:49 IST" name="submitOrder" finished-at="2025-09-10T10:57:52 IST" duration-ms="2886" status="PASS">
          <reporter-output>
          </reporter-output>
        </test-method> <!-- submitOrder -->
        <test-method is-config="true" signature="tearDown()[pri:0, instance:rahulshettyacademy.tests.ErrorValidationsTest@865dd6]" started-at="2025-09-10T10:57:52 IST" name="tearDown" finished-at="2025-09-10T10:57:53 IST" duration-ms="858" status="PASS">
          <reporter-output>
          </reporter-output>
        </test-method> <!-- tearDown -->
      </class> <!-- rahulshettyacademy.tests.ErrorValidationsTest -->
    </test> <!-- ErrorValidation -->
  </suite> <!-- Suite -->
</testng-results>
